{
  "RSpec": {
    "coverage": {
      "/Users/alexanderpsitos/turing/1module/final_project/Night-Writer/lib/braille.rb": {
        "lines": [
          null,
          null,
          1,
          1,
          1,
          1,
          null,
          null,
          null
        ]
      },
      "/Users/alexanderpsitos/turing/1module/final_project/Night-Writer/spec/night_writer_spec.rb": {
        "lines": [
          1,
          1,
          1
        ]
      }
    },
    "timestamp": 1646527190
  }
}
